<?xml version="1.0" encoding="UTF-8"?>
<!-- Generated by org.testng.reporters.JUnitXMLReporter -->
<testsuite hostname="DESKTOP-N75U7ON" name="GeneralStore_TestCases" tests="4" failures="0" timestamp="3 Jun 2022 08:06:01 GMT" time="118.826" errors="0">
  <testcase name="validateToastMessage" time="4.979" classname="com.MobileAutomationDemo.TestCases.GeneralStore_Tc_1"/>
  <testcase name="productsPageNavigation" time="10.699" classname="com.MobileAutomationDemo.TestCases.GeneralStore_Tc_1"/>
  <testcase name="validateAddToCartOption" time="23.579" classname="com.MobileAutomationDemo.TestCases.GeneralStore_Tc_2"/>
  <testcase name="validateTotalAmount" time="20.121" classname="com.MobileAutomationDemo.TestCases.GeneralStore_Tc_3"/>
</testsuite> <!-- GeneralStore_TestCases -->
