<?xml version="1.0" encoding="UTF-8"?>
<!-- Generated by org.testng.reporters.JUnitXMLReporter -->
<testsuite hostname="DESKTOP-N75U7ON" name="GeneralStore_Tc_1" tests="2" failures="0" timestamp="31 May 2022 13:39:35 GMT" time="57.564" errors="0">
  <testcase name="validateToastMessage" time="6.036" classname="com.MobileAutomationDemo.TestCases.GeneralStore_Tc_1"/>
  <testcase name="productsPageNavigation" time="28.406" classname="com.MobileAutomationDemo.TestCases.GeneralStore_Tc_1"/>
</testsuite> <!-- GeneralStore_Tc_1 -->
